# JRE version: Java(TM) SE Runtime Environment (17.0.7+8) (build 17.0.7+8-LTS-224)
# Java VM: Java HotSpot(TM) 64-Bit Server VM (17.0.7+8-LTS-224, mixed mode, sharing, tiered, compressed oops, compressed class ptrs, g1 gc, windows-amd64)
GC Precious Log:
 CPUs: 12 total, 12 available
 Memory: 7955M
 Large Page Support: Disabled
 NUMA Support: Disabled
 Compressed Oops: Enabled (32-bit)
 Heap Region Size: 1M
 Heap Min Capacity: 8M
 Heap Initial Capacity: 126M
 Heap Max Capacity: 2G
 Pre-touch: Disabled
 Parallel Workers: 10
 Concurrent Workers: 3
 Concurrent Refinement Workers: 10
 Periodic GC: Disabled
Heap:
 garbage-first heap   total 403456K, used 250880K [0x0000000080000000, 0x0000000100000000)
  region size 1024K, 2 young (2048K), 2 survivors (2048K)
 Metaspace       used 93635K, committed 94400K, reserved 1138688K
  class space    used 12531K, committed 12864K, reserved 1048576K
GC Heap History (20 events):
Event: 19.548 GC heap after
{Heap after GC invocations=45 (full 0):
 garbage-first heap   total 151552K, used 91321K [0x0000000080000000, 0x0000000100000000)
  region size 1024K, 1 young (1024K), 1 survivors (1024K)
 Metaspace       used 74079K, committed 74816K, reserved 1114112K
  class space    used 10276K, committed 10624K, reserved 1048576K
}
Event: 20.437 GC heap before
{Heap before GC invocations=45 (full 0):
 garbage-first heap   total 151552K, used 122041K [0x0000000080000000, 0x0000000100000000)
  region size 1024K, 32 young (32768K), 1 survivors (1024K)
 Metaspace       used 76350K, committed 77120K, reserved 1122304K
  class space    used 10705K, committed 11072K, reserved 1048576K
}
Event: 20.441 GC heap after
{Heap after GC invocations=46 (full 0):
 garbage-first heap   total 151552K, used 93569K [0x0000000080000000, 0x0000000100000000)
  region size 1024K, 4 young (4096K), 4 survivors (4096K)
 Metaspace       used 76350K, committed 77120K, reserved 1122304K
  class space    used 10705K, committed 11072K, reserved 1048576K
}
Event: 20.725 GC heap before
{Heap before GC invocations=46 (full 0):
 garbage-first heap   total 151552K, used 122241K [0x0000000080000000, 0x0000000100000000)
  region size 1024K, 33 young (33792K), 4 survivors (4096K)
 Metaspace       used 76568K, committed 77312K, reserved 1122304K
  class space    used 10728K, committed 11072K, reserved 1048576K
}
Event: 20.729 GC heap after
{Heap after GC invocations=47 (full 0):
 garbage-first heap   total 151552K, used 98038K [0x0000000080000000, 0x0000000100000000)
  region size 1024K, 5 young (5120K), 5 survivors (5120K)
 Metaspace       used 76568K, committed 77312K, reserved 1122304K
  class space    used 10728K, committed 11072K, reserved 1048576K
}
Event: 20.903 GC heap before
{Heap before GC invocations=47 (full 0):
 garbage-first heap   total 151552K, used 123638K [0x0000000080000000, 0x0000000100000000)
  region size 1024K, 31 young (31744K), 5 survivors (5120K)
 Metaspace       used 76702K, committed 77376K, reserved 1122304K
  class space    used 10728K, committed 11072K, reserved 1048576K
}
Event: 20.907 GC heap after
{Heap after GC invocations=48 (full 0):
 garbage-first heap   total 303104K, used 99605K [0x0000000080000000, 0x0000000100000000)
  region size 1024K, 4 young (4096K), 4 survivors (4096K)
 Metaspace       used 76702K, committed 77376K, reserved 1122304K
  class space    used 10728K, committed 11072K, reserved 1048576K
}
Event: 21.724 GC heap before
{Heap before GC invocations=49 (full 0):
 garbage-first heap   total 303104K, used 229653K [0x0000000080000000, 0x0000000100000000)
  region size 1024K, 132 young (135168K), 4 survivors (4096K)
 Metaspace       used 77526K, committed 78208K, reserved 1122304K
  class space    used 10791K, committed 11136K, reserved 1048576K
}
Event: 21.734 GC heap after
{Heap after GC invocations=50 (full 0):
 garbage-first heap   total 303104K, used 107671K [0x0000000080000000, 0x0000000100000000)
  region size 1024K, 12 young (12288K), 12 survivors (12288K)
 Metaspace       used 77526K, committed 78208K, reserved 1122304K
  class space    used 10791K, committed 11136K, reserved 1048576K
}
Event: 21.748 GC heap before
{Heap before GC invocations=50 (full 0):
 garbage-first heap   total 303104K, used 108695K [0x0000000080000000, 0x0000000100000000)
  region size 1024K, 14 young (14336K), 12 survivors (12288K)
 Metaspace       used 77552K, committed 78272K, reserved 1122304K
  class space    used 10795K, committed 11136K, reserved 1048576K
}
Event: 21.754 GC heap after
{Heap after GC invocations=51 (full 0):
 garbage-first heap   total 303104K, used 108136K [0x0000000080000000, 0x0000000100000000)
  region size 1024K, 2 young (2048K), 2 survivors (2048K)
 Metaspace       used 77552K, committed 78272K, reserved 1122304K
  class space    used 10795K, committed 11136K, reserved 1048576K
}
Event: 24.847 GC heap before
{Heap before GC invocations=51 (full 0):
 garbage-first heap   total 303104K, used 236136K [0x0000000080000000, 0x0000000100000000)
  region size 1024K, 125 young (128000K), 2 survivors (2048K)
 Metaspace       used 90188K, committed 91008K, reserved 1130496K
  class space    used 12088K, committed 12480K, reserved 1048576K
}
Event: 24.868 GC heap after
{Heap after GC invocations=52 (full 0):
 garbage-first heap   total 303104K, used 151075K [0x0000000080000000, 0x0000000100000000)
  region size 1024K, 16 young (16384K), 16 survivors (16384K)
 Metaspace       used 90188K, committed 91008K, reserved 1130496K
  class space    used 12088K, committed 12480K, reserved 1048576K
}
Event: 25.521 GC heap before
{Heap before GC invocations=52 (full 0):
 garbage-first heap   total 303104K, used 222755K [0x0000000080000000, 0x0000000100000000)
  region size 1024K, 86 young (88064K), 16 survivors (16384K)
 Metaspace       used 93567K, committed 94336K, reserved 1138688K
  class space    used 12531K, committed 12864K, reserved 1048576K
}
Event: 25.544 GC heap after
{Heap after GC invocations=53 (full 0):
 garbage-first heap   total 303104K, used 191901K [0x0000000080000000, 0x0000000100000000)
  region size 1024K, 11 young (11264K), 11 survivors (11264K)
 Metaspace       used 93567K, committed 94336K, reserved 1138688K
  class space    used 12531K, committed 12864K, reserved 1048576K
}
Event: 25.622 GC heap before
{Heap before GC invocations=53 (full 0):
 garbage-first heap   total 303104K, used 231837K [0x0000000080000000, 0x0000000100000000)
  region size 1024K, 50 young (51200K), 11 survivors (11264K)
 Metaspace       used 93571K, committed 94336K, reserved 1138688K
  class space    used 12531K, committed 12864K, reserved 1048576K
}
Event: 25.641 GC heap after
{Heap after GC invocations=54 (full 0):
 garbage-first heap   total 303104K, used 231424K [0x0000000080000000, 0x0000000100000000)
  region size 1024K, 7 young (7168K), 7 survivors (7168K)
 Metaspace       used 93571K, committed 94336K, reserved 1138688K
  class space    used 12531K, committed 12864K, reserved 1048576K
}
Event: 25.725 GC heap before
{Heap before GC invocations=54 (full 0):
 garbage-first heap   total 303104K, used 244736K [0x0000000080000000, 0x0000000100000000)
  region size 1024K, 20 young (20480K), 7 survivors (7168K)
 Metaspace       used 93635K, committed 94400K, reserved 1138688K
  class space    used 12531K, committed 12864K, reserved 1048576K
}
Event: 25.731 GC heap after
{Heap after GC invocations=55 (full 0):
 garbage-first heap   total 303104K, used 237568K [0x0000000080000000, 0x0000000100000000)
  region size 1024K, 3 young (3072K), 3 survivors (3072K)
 Metaspace       used 93635K, committed 94400K, reserved 1138688K
  class space    used 12531K, committed 12864K, reserved 1048576K
}
Event: 25.787 GC heap before
{Heap before GC invocations=55 (full 0):
 garbage-first heap   total 403456K, used 249856K [0x0000000080000000, 0x0000000100000000)
  region size 1024K, 15 young (15360K), 3 survivors (3072K)
 Metaspace       used 93635K, committed 94400K, reserved 1138688K
  class space    used 12531K, committed 12864K, reserved 1048576K
}

